#
# There is insufficient memory for the Java Runtime Environment to continue.
# Native memory allocation (mmap) failed to map 65536 bytes for Failed to commit metaspace.
# Possible reasons:
#   The system is out of physical RAM or swap space
#   The process is running with CompressedOops enabled, and the Java Heap may be blocking the growth of the native heap
# Possible solutions:
#   Reduce memory load on the system
#   Increase physical memory or swap space
#   Check if swap backing store is full
#   Decrease Java heap size (-Xmx/-Xms)
#   Decrease number of Java threads
#   Decrease Java thread stack sizes (-Xss)
#   Set larger code cache with -XX:ReservedCodeCacheSize=
#   JVM is running with Unscaled Compressed Oops mode in which the Java heap is
#     placed in the first 4GB address space. The Java Heap base address is the
#     maximum limit for the native heap growth. Please use -XX:HeapBaseMinAddress
#     to set the Java Heap base and to place the Java Heap above 4GB virtual address.
# This output file may be truncated or incomplete.
#
#  Out of Memory Error (virtualSpaceNode.cpp:110), pid=17428, tid=13980
#
# JRE version: OpenJDK Runtime Environment Temurin-17.0.5+8 (17.0.5+8) (build 17.0.5+8)
# Java VM: OpenJDK 64-Bit Server VM Temurin-17.0.5+8 (17.0.5+8, mixed mode, tiered, compressed oops, compressed class ptrs, g1 gc, windows-amd64)
# No core dump will be written. Minidumps are not enabled by default on client versions of Windows
#

---------------  S U M M A R Y ------------

Command Line: -Dfile.encoding=UTF-8 -XX:+ShowCodeDetailsInExceptionMessages NotepadProject.CustmDialogBox

Host: Intel(R) Core(TM) i3-6006U CPU @ 2.00GHz, 4 cores, 3G,  Windows 10 , 64 bit Build 19041 (10.0.19041.2364)
Time: Thu Feb  2 16:03:23 2023 India Standard Time elapsed time: 0.416909 seconds (0d 0h 0m 0s)

---------------  T H R E A D  ---------------

Current thread (0x00000186c4fd81f0):  JavaThread "main" [_thread_in_vm, id=13980, stack(0x0000003abf300000,0x0000003abf400000)]

Stack: [0x0000003abf300000,0x0000003abf400000]
Native frames: (J=compiled Java code, j=interpreted, Vv=VM code, C=native code)
V  [jvm.dll+0x676b3a]
V  [jvm.dll+0x831444]
V  [jvm.dll+0x832bee]
V  [jvm.dll+0x833253]
V  [jvm.dll+0x244ce5]
V  [jvm.dll+0x82d4db]
V  [jvm.dll+0x61b2f6]
V  [jvm.dll+0x61b35a]
V  [jvm.dll+0x61db7a]
V  [jvm.dll+0x61bc96]
V  [jvm.dll+0x23937f]
V  [jvm.dll+0x625af5]
V  [jvm.dll+0x1e99bb]
V  [jvm.dll+0x1e9ef5]
V  [jvm.dll+0x1ea92f]
V  [jvm.dll+0x1dfdd1]
V  [jvm.dll+0x53be30]
V  [jvm.dll+0x1f05a7]
V  [jvm.dll+0x7ab9db]
V  [jvm.dll+0x7acd82]
V  [jvm.dll+0x7ad0b8]
V  [jvm.dll+0x40ae89]
V  [jvm.dll+0x3d5d95]
C  [awt.dll+0x6fb51]

Java frames: (J=compiled Java code, j=interpreted, Vv=VM code)
j  sun.java2d.SurfaceData.initIDs()V+0 java.desktop@17.0.5
j  sun.java2d.SurfaceData.<clinit>()V+0 java.desktop@17.0.5
v  ~StubRoutines::call_stub
j  sun.awt.windows.WToolkit.initIDs()V+0 java.desktop@17.0.5
j  sun.awt.windows.WToolkit.<clinit>()V+20 java.desktop@17.0.5
v  ~StubRoutines::call_stub
j  sun.awt.Win32GraphicsEnvironment.<clinit>()V+16 java.desktop@17.0.5
v  ~StubRoutines::call_stub
j  sun.awt.PlatformGraphicsInfo.createGE()Ljava/awt/GraphicsEnvironment;+0 java.desktop@17.0.5
j  java.awt.GraphicsEnvironment$LocalGE.createGE()Ljava/awt/GraphicsEnvironment;+0 java.desktop@17.0.5
j  java.awt.GraphicsEnvironment$LocalGE.<clinit>()V+0 java.desktop@17.0.5
v  ~StubRoutines::call_stub
j  java.awt.GraphicsEnvironment.getLocalGraphicsEnvironment()Ljava/awt/GraphicsEnvironment;+0 java.desktop@17.0.5
j  java.awt.Window.initGC(Ljava/awt/GraphicsConfiguration;)Ljava/awt/GraphicsConfiguration;+7 java.desktop@17.0.5
j  java.awt.Window.init(Ljava/awt/GraphicsConfiguration;)V+45 java.desktop@17.0.5
j  java.awt.Window.<init>()V+124 java.desktop@17.0.5
j  java.awt.Frame.<init>(Ljava/lang/String;)V+1 java.desktop@17.0.5
j  java.awt.Frame.<init>()V+3 java.desktop@17.0.5
j  javax.swing.SwingUtilities$SharedOwnerFrame.<init>()V+1 java.desktop@17.0.5
j  javax.swing.SwingUtilities.getSharedOwnerFrame()Ljava/awt/Frame;+18 java.desktop@17.0.5
j  javax.swing.JDialog.<init>(Ljava/awt/Frame;Ljava/lang/String;Z)V+5 java.desktop@17.0.5
j  javax.swing.JDialog.<init>(Ljava/awt/Frame;Z)V+5 java.desktop@17.0.5
j  javax.swing.JDialog.<init>()V+6 java.desktop@17.0.5
j  NotepadProject.CustmDialogBox.<init>()V+1
j  NotepadProject.CustmDialogBox.main([Ljava/lang/String;)V+3
v  ~StubRoutines::call_stub

---------------  P R O C E S S  ---------------

Threads class SMR info:
_java_thread_list=0x00000186dea05e10, length=12, elements={
0x00000186c4fd81f0, 0x00000186ddf56ee0, 0x00000186ddf5d350, 0x00000186ddf78cd0,
0x00000186ddf7b5a0, 0x00000186ddf7be60, 0x00000186ddf7e470, 0x00000186ddfc17e0,
0x00000186ddfc3d00, 0x00000186ddfc8620, 0x00000186dea31ae0, 0x00000186dea49420
}

Java Threads: ( => current thread )
=>0x00000186c4fd81f0 JavaThread "main" [_thread_in_vm, id=13980, stack(0x0000003abf300000,0x0000003abf400000)]
  0x00000186ddf56ee0 JavaThread "Reference Handler" daemon [_thread_blocked, id=12664, stack(0x0000003abfa00000,0x0000003abfb00000)]
  0x00000186ddf5d350 JavaThread "Finalizer" daemon [_thread_blocked, id=17208, stack(0x0000003abfb00000,0x0000003abfc00000)]
  0x00000186ddf78cd0 JavaThread "Signal Dispatcher" daemon [_thread_blocked, id=13832, stack(0x0000003abfc00000,0x0000003abfd00000)]
  0x00000186ddf7b5a0 JavaThread "Attach Listener" daemon [_thread_blocked, id=17988, stack(0x0000003abfd00000,0x0000003abfe00000)]
  0x00000186ddf7be60 JavaThread "Service Thread" daemon [_thread_blocked, id=12212, stack(0x0000003abfe00000,0x0000003abff00000)]
  0x00000186ddf7e470 JavaThread "Monitor Deflation Thread" daemon [_thread_blocked, id=17996, stack(0x0000003abff00000,0x0000003ac0000000)]
  0x00000186ddfc17e0 JavaThread "C2 CompilerThread0" daemon [_thread_blocked, id=17232, stack(0x0000003ac0000000,0x0000003ac0100000)]
  0x00000186ddfc3d00 JavaThread "C1 CompilerThread0" daemon [_thread_blocked, id=16020, stack(0x0000003ac0100000,0x0000003ac0200000)]
  0x00000186ddfc8620 JavaThread "Sweeper thread" daemon [_thread_blocked, id=17572, stack(0x0000003ac0200000,0x0000003ac0300000)]
  0x00000186dea31ae0 JavaThread "Notification Thread" daemon [_thread_blocked, id=18044, stack(0x0000003ac0300000,0x0000003ac0400000)]
  0x00000186dea49420 JavaThread "Common-Cleaner" daemon [_thread_blocked, id=18048, stack(0x0000003ac0500000,0x0000003ac0600000)]

Other Threads:
  0x00000186c509d5b0 VMThread "VM Thread" [stack: 0x0000003abf900000,0x0000003abfa00000] [id=17520] _threads_hazard_ptr=0x00000186dea05e10
  0x00000186c502a3c0 WatcherThread [stack: 0x0000003ac0400000,0x0000003ac0500000] [id=17644]
  0x00000186c5015590 GCTaskThread "GC Thread#0" [stack: 0x0000003abf400000,0x0000003abf500000] [id=4112]
  0x00000186c501e8b0 ConcurrentGCThread "G1 Main Marker" [stack: 0x0000003abf500000,0x0000003abf600000] [id=9128]
  0x00000186c501f2c0 ConcurrentGCThread "G1 Conc#0" [stack: 0x0000003abf600000,0x0000003abf700000] [id=17936]
  0x00000186c5063680 ConcurrentGCThread "G1 Refine#0" [stack: 0x0000003abf700000,0x0000003abf800000] [id=14704]
  0x00000186c5064fd0 ConcurrentGCThread "G1 Service" [stack: 0x0000003abf800000,0x0000003abf900000] [id=14020]

Threads with active compile tasks:

VM state: synchronizing (normal execution)

VM Mutex/Monitor currently owned by a thread:  ([mutex/lock_event])
[0x00000186c4fd24f0] Metaspace_lock - owner thread: 0x00000186c4fd81f0
[0x00000186c4fd4d60] Threads_lock - owner thread: 0x00000186c509d5b0

Heap address: 0x00000000c1e00000, size: 994 MB, Compressed Oops mode: 32-bit

CDS archive(s) not mapped
Compressed class space mapped at: 0x0000000100000000-0x0000000140000000, reserved size: 1073741824
Narrow klass base: 0x0000000000000000, Narrow klass shift: 3, Narrow klass range: 0x140000000

GC Precious Log:
 CPUs: 4 total, 4 available
 Memory: 3970M
 Large Page Support: Disabled
 NUMA Support: Disabled
 Compressed Oops: Enabled (32-bit)
 Heap Region Size: 1M
 Heap Min Capacity: 8M
 Heap Initial Capacity: 64M
 Heap Max Capacity: 994M
 Pre-touch: Disabled
 Parallel Workers: 4
 Concurrent Workers: 1
 Concurrent Refinement Workers: 4
 Periodic GC: Disabled

Heap:
 garbage-first heap   total 65536K, used 1024K [0x00000000c1e00000, 0x0000000100000000)
  region size 1024K, 2 young (2048K), 0 survivors (0K)
 Metaspace       used 7771K, committed 7936K, reserved 1056768K
  class space    used 670K, committed 768K, reserved 1048576K

Heap Regions: E=young(eden), S=young(survivor), O=old, HS=humongous(starts), HC=humongous(continues), CS=collection set, F=free, OA=open archive, CA=closed archive, TAMS=top-at-mark-start (previous, next)
|   0|0x00000000c1e00000, 0x00000000c1e00000, 0x00000000c1f00000|  0%| F|  |TAMS 0x00000000c1e00000, 0x00000000c1e00000| Untracked 
|   1|0x00000000c1f00000, 0x00000000c1f00000, 0x00000000c2000000|  0%| F|  |TAMS 0x00000000c1f00000, 0x00000000c1f00000| Untracked 
|   2|0x00000000c2000000, 0x00000000c2000000, 0x00000000c2100000|  0%| F|  |TAMS 0x00000000c2000000, 0x00000000c2000000| Untracked 
|   3|0x00000000c2100000, 0x00000000c2100000, 0x00000000c2200000|  0%| F|  |TAMS 0x00000000c2100000, 0x00000000c2100000| Untracked 
|   4|0x00000000c2200000, 0x00000000c2200000, 0x00000000c2300000|  0%| F|  |TAMS 0x00000000c2200000, 0x00000000c2200000| Untracked 
|   5|0x00000000c2300000, 0x00000000c2300000, 0x00000000c2400000|  0%| F|  |TAMS 0x00000000c2300000, 0x00000000c2300000| Untracked 
|   6|0x00000000c2400000, 0x00000000c2400000, 0x00000000c2500000|  0%| F|  |TAMS 0x00000000c2400000, 0x00000000c2400000| Untracked 
|   7|0x00000000c2500000, 0x00000000c2500000, 0x00000000c2600000|  0%| F|  |TAMS 0x00000000c2500000, 0x00000000c2500000| Untracked 
|   8|0x00000000c2600000, 0x00000000c2600000, 0x00000000c2700000|  0%| F|  |TAMS 0x00000000c2600000, 0x00000000c2600000| Untracked 
|   9|0x00000000c2700000, 0x00000000c2700000, 0x00000000c2800000|  0%| F|  |TAMS 0x00000000c2700000, 0x00000000c2700000| Untracked 
|  10|0x00000000c2800000, 0x00000000c2800000, 0x00000000c2900000|  0%| F|  |TAMS 0x00000000c2800000, 0x00000000c2800000| Untracked 
|  11|0x00000000c2900000, 0x00000000c2900000, 0x00000000c2a00000|  0%| F|  |TAMS 0x00000000c2900000, 0x00000000c2900000| Untracked 
|  12|0x00000000c2a00000, 0x00000000c2a00000, 0x00000000c2b00000|  0%| F|  |TAMS 0x00000000c2a00000, 0x00000000c2a00000| Untracked 
|  13|0x00000000c2b00000, 0x00000000c2b00000, 0x00000000c2c00000|  0%| F|  |TAMS 0x00000000c2b00000, 0x00000000c2b00000| Untracked 
|  14|0x00000000c2c00000, 0x00000000c2c00000, 0x00000000c2d00000|  0%| F|  |TAMS 0x00000000c2c00000, 0x00000000c2c00000| Untracked 
|  15|0x00000000c2d00000, 0x00000000c2d00000, 0x00000000c2e00000|  0%| F|  |TAMS 0x00000000c2d00000, 0x00000000c2d00000| Untracked 
|  16|0x00000000c2e00000, 0x00000000c2e00000, 0x00000000c2f00000|  0%| F|  |TAMS 0x00000000c2e00000, 0x00000000c2e00000| Untracked 
|  17|0x00000000c2f00000, 0x00000000c2f00000, 0x00000000c3000000|  0%| F|  |TAMS 0x00000000c2f00000, 0x00000000c2f00000| Untracked 
|  18|0x00000000c3000000, 0x00000000c3000000, 0x00000000c3100000|  0%| F|  |TAMS 0x00000000c3000000, 0x00000000c3000000| Untracked 
|  19|0x00000000c3100000, 0x00000000c3100000, 0x00000000c3200000|  0%| F|  |TAMS 0x00000000c3100000, 0x00000000c3100000| Untracked 
|  20|0x00000000c3200000, 0x00000000c3200000, 0x00000000c3300000|  0%| F|  |TAMS 0x00000000c3200000, 0x00000000c3200000| Untracked 
|  21|0x00000000c3300000, 0x00000000c3300000, 0x00000000c3400000|  0%| F|  |TAMS 0x00000000c3300000, 0x00000000c3300000| Untracked 
|  22|0x00000000c3400000, 0x00000000c3400000, 0x00000000c3500000|  0%| F|  |TAMS 0x00000000c3400000, 0x00000000c3400000| Untracked 
|  23|0x00000000c3500000, 0x00000000c3500000, 0x00000000c3600000|  0%| F|  |TAMS 0x00000000c3500000, 0x00000000c3500000| Untracked 
|  24|0x00000000c3600000, 0x00000000c3600000, 0x00000000c3700000|  0%| F|  |TAMS 0x00000000c3600000, 0x00000000c3600000| Untracked 
|  25|0x00000000c3700000, 0x00000000c3700000, 0x00000000c3800000|  0%| F|  |TAMS 0x00000000c3700000, 0x00000000c3700000| Untracked 
|  26|0x00000000c3800000, 0x00000000c3800000, 0x00000000c3900000|  0%| F|  |TAMS 0x00000000c3800000, 0x00000000c3800000| Untracked 
|  27|0x00000000c3900000, 0x00000000c3900000, 0x00000000c3a00000|  0%| F|  |TAMS 0x00000000c3900000, 0x00000000c3900000| Untracked 
|  28|0x00000000c3a00000, 0x00000000c3a00000, 0x00000000c3b00000|  0%| F|  |TAMS 0x00000000c3a00000, 0x00000000c3a00000| Untracked 
|  29|0x00000000c3b00000, 0x00000000c3b00000, 0x00000000c3c00000|  0%| F|  |TAMS 0x00000000c3b00000, 0x00000000c3b00000| Untracked 
|  30|0x00000000c3c00000, 0x00000000c3c00000, 0x00000000c3d00000|  0%| F|  |TAMS 0x00000000c3c00000, 0x00000000c3c00000| Untracked 
|  31|0x00000000c3d00000, 0x00000000c3d00000, 0x00000000c3e00000|  0%| F|  |TAMS 0x00000000c3d00000, 0x00000000c3d00000| Untracked 
|  32|0x00000000c3e00000, 0x00000000c3e00000, 0x00000000c3f00000|  0%| F|  |TAMS 0x00000000c3e00000, 0x00000000c3e00000| Untracked 
|  33|0x00000000c3f00000, 0x00000000c3f00000, 0x00000000c4000000|  0%| F|  |TAMS 0x00000000c3f00000, 0x00000000c3f00000| Untracked 
|  34|0x00000000c4000000, 0x00000000c4000000, 0x00000000c4100000|  0%| F|  |TAMS 0x00000000c4000000, 0x00000000c4000000| Untracked 
|  35|0x00000000c4100000, 0x00000000c4100000, 0x00000000c4200000|  0%| F|  |TAMS 0x00000000c4100000, 0x00000000c4100000| Untracked 
|  36|0x00000000c4200000, 0x00000000c4200000, 0x00000000c4300000|  0%| F|  |TAMS 0x00000000c4200000, 0x00000000c4200000| Untracked 
|  37|0x00000000c4300000, 0x00000000c4300000, 0x00000000c4400000|  0%| F|  |TAMS 0x00000000c4300000, 0x00000000c4300000| Untracked 
|  38|0x00000000c4400000, 0x00000000c4400000, 0x00000000c4500000|  0%| F|  |TAMS 0x00000000c4400000, 0x00000000c4400000| Untracked 
|  39|0x00000000c4500000, 0x00000000c4500000, 0x00000000c4600000|  0%| F|  |TAMS 0x00000000c4500000, 0x00000000c4500000| Untracked 
|  40|0x00000000c4600000, 0x00000000c4600000, 0x00000000c4700000|  0%| F|  |TAMS 0x00000000c4600000, 0x00000000c4600000| Untracked 
|  41|0x00000000c4700000, 0x00000000c4700000, 0x00000000c4800000|  0%| F|  |TAMS 0x00000000c4700000, 0x00000000c4700000| Untracked 
|  42|0x00000000c4800000, 0x00000000c4800000, 0x00000000c4900000|  0%| F|  |TAMS 0x00000000c4800000, 0x00000000c4800000| Untracked 
|  43|0x00000000c4900000, 0x00000000c4900000, 0x00000000c4a00000|  0%| F|  |TAMS 0x00000000c4900000, 0x00000000c4900000| Untracked 
|  44|0x00000000c4a00000, 0x00000000c4a00000, 0x00000000c4b00000|  0%| F|  |TAMS 0x00000000c4a00000, 0x00000000c4a00000| Untracked 
|  45|0x00000000c4b00000, 0x00000000c4b00000, 0x00000000c4c00000|  0%| F|  |TAMS 0x00000000c4b00000, 0x00000000c4b00000| Untracked 
|  46|0x00000000c4c00000, 0x00000000c4c00000, 0x00000000c4d00000|  0%| F|  |TAMS 0x00000000c4c00000, 0x00000000c4c00000| Untracked 
|  47|0x00000000c4d00000, 0x00000000c4d00000, 0x00000000c4e00000|  0%| F|  |TAMS 0x00000000c4d00000, 0x00000000c4d00000| Untracked 
|  48|0x00000000c4e00000, 0x00000000c4e00000, 0x00000000c4f00000|  0%| F|  |TAMS 0x00000000c4e00000, 0x00000000c4e00000| Untracked 
|  49|0x00000000c4f00000, 0x00000000c4f00000, 0x00000000c5000000|  0%| F|  |TAMS 0x00000000c4f00000, 0x00000000c4f00000| Untracked 
|  50|0x00000000c5000000, 0x00000000c5000000, 0x00000000c5100000|  0%| F|  |TAMS 0x00000000c5000000, 0x00000000c5000000| Untracked 
|  51|0x00000000c5100000, 0x00000000c5100000, 0x00000000c5200000|  0%| F|  |TAMS 0x00000000c5100000, 0x00000000c5100000| Untracked 
|  52|0x00000000c5200000, 0x00000000c5200000, 0x00000000c5300000|  0%| F|  |TAMS 0x00000000c5200000, 0x00000000c5200000| Untracked 
|  53|0x00000000c5300000, 0x00000000c5300000, 0x00000000c5400000|  0%| F|  |TAMS 0x00000000c5300000, 0x00000000c5300000| Untracked 
|  54|0x00000000c5400000, 0x00000000c5400000, 0x00000000c5500000|  0%| F|  |TAMS 0x00000000c5400000, 0x00000000c5400000| Untracked 
|  55|0x00000000c5500000, 0x00000000c5500000, 0x00000000c5600000|  0%| F|  |TAMS 0x00000000c5500000, 0x00000000c5500000| Untracked 
|  56|0x00000000c5600000, 0x00000000c5600000, 0x00000000c5700000|  0%| F|  |TAMS 0x00000000c5600000, 0x00000000c5600000| Untracked 
|  57|0x00000000c5700000, 0x00000000c5700000, 0x00000000c5800000|  0%| F|  |TAMS 0x00000000c5700000, 0x00000000c5700000| Untracked 
|  58|0x00000000c5800000, 0x00000000c5800000, 0x00000000c5900000|  0%| F|  |TAMS 0x00000000c5800000, 0x00000000c5800000| Untracked 
|  59|0x00000000c5900000, 0x00000000c5900000, 0x00000000c5a00000|  0%| F|  |TAMS 0x00000000c5900000, 0x00000000c5900000| Untracked 
|  60|0x00000000c5a00000, 0x00000000c5a00000, 0x00000000c5b00000|  0%| F|  |TAMS 0x00000000c5a00000, 0x00000000c5a00000| Untracked 
|  61|0x00000000c5b00000, 0x00000000c5b00000, 0x00000000c5c00000|  0%| F|  |TAMS 0x00000000c5b00000, 0x00000000c5b00000| Untracked 
|  62|0x00000000c5c00000, 0x00000000c5d00000, 0x00000000c5d00000|100%| E|  |TAMS 0x00000000c5c00000, 0x00000000c5c00000| Complete 
|  63|0x00000000c5d00000, 0x00000000c5e00000, 0x00000000c5e00000|100%| E|CS|TAMS 0x00000000c5d00000, 0x00000000c5d00000| Complete 

Card table byte_map: [0x00000186d9670000,0x00000186d9870000] _byte_map_base: 0x00000186d9061000

Marking Bits (Prev, Next): (CMBitMap*) 0x00000186c5015ba0, (CMBitMap*) 0x00000186c5015be0
 Prev Bits: [0x00000186d9a70000, 0x00000186da9f8000)
 Next Bits: [0x00000186daa00000, 0x00000186db988000)

Polling page: 0x00000186c4e70000

Metaspace:

Usage:
  Non-class:      6.93 MB used.
      Class:    670.90 KB used.
       Both:      7.59 MB used.

Virtual space:
  Non-class space:        8.00 MB reserved,       7.00 MB ( 88%) committed,  1 nodes.
      Class space:        1.00 GB reserved,     768.00 KB ( <1%) committed,  1 nodes.
             Both:        1.01 GB reserved,       7.75 MB ( <1%) committed. 

Chunk freelists:
   Non-Class:  1012.00 KB
       Class:  3.22 MB
        Both:  4.21 MB

MaxMetaspaceSize: unlimited
CompressedClassSpaceSize: 1.00 GB
Initial GC threshold: 21.00 MB
Current GC threshold: 21.00 MB
CDS: off
MetaspaceReclaimPolicy: balanced
 - commit_granule_bytes: 65536.
 - commit_granule_words: 8192.
 - virtual_space_node_default_size: 1048576.
 - enlarge_chunks_in_place: 1.
 - new_chunks_are_fully_committed: 0.
 - uncommit_free_chunks: 1.
 - use_allocation_guard: 0.
 - handle_deallocations: 1.


Internal statistics:

num_allocs_failed_limit: 0.
num_arena_births: 56.
num_arena_deaths: 0.
num_vsnodes_births: 2.
num_vsnodes_deaths: 0.
num_space_committed: 124.
num_space_uncommitted: 0.
num_chunks_returned_to_freelist: 0.
num_chunks_taken_from_freelist: 76.
num_chunk_merges: 0.
num_chunk_splits: 44.
num_chunks_enlarged: 25.
num_purges: 0.
num_inconsistent_stats: 0.

CodeHeap 'non-profiled nmethods': size=120000Kb used=83Kb max_used=83Kb free=119916Kb
 bounds [0x00000186d1920000, 0x00000186d1b90000, 0x00000186d8e50000]
CodeHeap 'profiled nmethods': size=120000Kb used=322Kb max_used=322Kb free=119677Kb
 bounds [0x00000186ca3f0000, 0x00000186ca660000, 0x00000186d1920000]
CodeHeap 'non-nmethods': size=5760Kb used=1124Kb max_used=1124Kb free=4635Kb
 bounds [0x00000186c9e50000, 0x00000186ca0c0000, 0x00000186ca3f0000]
 total_blobs=665 nmethods=257 adapters=321
 compilation: enabled
              stopped_count=0, restarted_count=0
 full_count=0

Compilation events (20 events):
Event: 0.347 Thread 0x00000186ddfc3d00  228       3       java.lang.invoke.InvokerBytecodeGenerator::getInternalName (103 bytes)
Event: 0.347 Thread 0x00000186ddfc3d00 nmethod 228 0x00000186ca43b010 code [0x00000186ca43b220, 0x00000186ca43b778]
Event: 0.347 Thread 0x00000186ddfc3d00  243       3       jdk.internal.org.objectweb.asm.SymbolTable::addType (81 bytes)
Event: 0.348 Thread 0x00000186ddfc3d00 nmethod 243 0x00000186ca43b890 code [0x00000186ca43baa0, 0x00000186ca43bff8]
Event: 0.348 Thread 0x00000186ddfc3d00  242       3       java.lang.invoke.InvokerBytecodeGenerator::emitImplicitConversion (161 bytes)
Event: 0.349 Thread 0x00000186ddfc3d00 nmethod 242 0x00000186ca43c290 code [0x00000186ca43c5a0, 0x00000186ca43d418]
Event: 0.349 Thread 0x00000186ddfc3d00  251       3       java.lang.invoke.LambdaForm$Name::<init> (44 bytes)
Event: 0.350 Thread 0x00000186ddfc3d00 nmethod 251 0x00000186ca43d910 code [0x00000186ca43db20, 0x00000186ca43e0e8]
Event: 0.350 Thread 0x00000186ddfc3d00  254       3       jdk.internal.org.objectweb.asm.SymbolTable::addConstantUtf8Reference (101 bytes)
Event: 0.351 Thread 0x00000186ddfc3d00 nmethod 254 0x00000186ca43e410 code [0x00000186ca43e620, 0x00000186ca43ebf8]
Event: 0.351 Thread 0x00000186ddfc3d00  253       3       jdk.internal.org.objectweb.asm.SymbolTable::addConstantClass (8 bytes)
Event: 0.351 Thread 0x00000186ddfc3d00 nmethod 253 0x00000186ca43ef10 code [0x00000186ca43f0a0, 0x00000186ca43f1e8]
Event: 0.351 Thread 0x00000186ddfc3d00  255       3       jdk.internal.org.objectweb.asm.ByteVector::put122 (93 bytes)
Event: 0.351 Thread 0x00000186ddfc3d00 nmethod 255 0x00000186ca43f290 code [0x00000186ca43f440, 0x00000186ca43f6c8]
Event: 0.351 Thread 0x00000186ddfc3d00  248       3       java.lang.invoke.LambdaForm::internArgument (85 bytes)
Event: 0.352 Thread 0x00000186ddfc3d00 nmethod 248 0x00000186ca43f890 code [0x00000186ca43fa60, 0x00000186ca43fda8]
Event: 0.352 Thread 0x00000186ddfc3d00  247       3       java.lang.invoke.LambdaForm::parameter (38 bytes)
Event: 0.352 Thread 0x00000186ddfc3d00 nmethod 247 0x00000186ca43ff90 code [0x00000186ca440120, 0x00000186ca440258]
Event: 0.352 Thread 0x00000186ddfc3d00  252       3       java.lang.invoke.LambdaForm$NamedFunction::returnType (11 bytes)
Event: 0.352 Thread 0x00000186ddfc3d00 nmethod 252 0x00000186ca440310 code [0x00000186ca440500, 0x00000186ca440968]

GC Heap History (0 events):
No events

Dll operation events (3 events):
Event: 0.012 Loaded shared library C:\Users\Rahul Patil\.p2\pool\plugins\org.eclipse.justj.openjdk.hotspot.jre.full.win32.x86_64_17.0.5.v20221102-0933\jre\bin\java.dll
Event: 0.205 Loaded shared library C:\Users\Rahul Patil\.p2\pool\plugins\org.eclipse.justj.openjdk.hotspot.jre.full.win32.x86_64_17.0.5.v20221102-0933\jre\bin\jimage.dll
Event: 0.272 Loaded shared library C:\Users\Rahul Patil\.p2\pool\plugins\org.eclipse.justj.openjdk.hotspot.jre.full.win32.x86_64_17.0.5.v20221102-0933\jre\bin\awt.dll

Deoptimization events (0 events):
No events

Classes unloaded (0 events):
No events

Classes redefined (0 events):
No events

Internal exceptions (3 events):
Event: 0.254 Thread 0x00000186c4fd81f0 Exception <a 'java/lang/ClassNotFoundException'{0x00000000c5c325f8}: sun/awt/resources/spi/awtProvider> (0x00000000c5c325f8) 
thrown [s\src\hotspot\share\classfile\systemDictionary.cpp, line 256]
Event: 0.304 Thread 0x00000186c4fd81f0 Exception <a 'java/io/FileNotFoundException'{0x00000000c5c8d230}> (0x00000000c5c8d230) 
thrown [s\src\hotspot\share\prims\jni.cpp, line 516]
Event: 0.318 Thread 0x00000186c4fd81f0 Exception <a 'java/io/FileNotFoundException'{0x00000000c5cba1c8}> (0x00000000c5cba1c8) 
thrown [s\src\hotspot\share\prims\jni.cpp, line 516]

VM Operations (0 events):
No events

Events (20 events):
Event: 0.364 loading class sun/java2d/cmm/ProfileDeferralInfo done
Event: 0.364 loading class java/awt/color/ICC_ProfileGray
Event: 0.364 loading class java/awt/color/ICC_ProfileGray done
Event: 0.364 loading class sun/java2d/StateTrackableDelegate
Event: 0.364 loading class sun/java2d/StateTrackableDelegate done
Event: 0.364 loading class sun/java2d/StateTrackableDelegate$2
Event: 0.364 loading class sun/java2d/StateTrackableDelegate$2 done
Event: 0.364 loading class sun/java2d/pipe/NullPipe
Event: 0.364 loading class sun/java2d/pipe/PixelDrawPipe
Event: 0.364 loading class sun/java2d/pipe/PixelDrawPipe done
Event: 0.364 loading class sun/java2d/pipe/PixelFillPipe
Event: 0.364 loading class sun/java2d/pipe/PixelFillPipe done
Event: 0.364 loading class sun/java2d/pipe/ShapeDrawPipe
Event: 0.365 loading class sun/java2d/pipe/ShapeDrawPipe done
Event: 0.365 loading class sun/java2d/pipe/TextPipe
Event: 0.365 loading class sun/java2d/pipe/TextPipe done
Event: 0.365 loading class sun/java2d/pipe/DrawImagePipe
Event: 0.365 loading class sun/java2d/pipe/DrawImagePipe done
Event: 0.365 loading class sun/java2d/pipe/NullPipe done
Event: 0.365 loading class java/awt/image/IndexColorModel


Dynamic libraries:
0x00007ff6cae40000 - 0x00007ff6cae4e000 	C:\Users\Rahul Patil\.p2\pool\plugins\org.eclipse.justj.openjdk.hotspot.jre.full.win32.x86_64_17.0.5.v20221102-0933\jre\bin\javaw.exe
0x00007ffb69fb0000 - 0x00007ffb6a1a8000 	C:\WINDOWS\SYSTEM32\ntdll.dll
0x00007ffb680a0000 - 0x00007ffb6815f000 	C:\WINDOWS\System32\KERNEL32.DLL
0x00007ffb67970000 - 0x00007ffb67c42000 	C:\WINDOWS\System32\KERNELBASE.dll
0x00007ffb67ef0000 - 0x00007ffb67ff0000 	C:\WINDOWS\System32\ucrtbase.dll
0x00007ffb60850000 - 0x00007ffb60867000 	C:\Users\Rahul Patil\.p2\pool\plugins\org.eclipse.justj.openjdk.hotspot.jre.full.win32.x86_64_17.0.5.v20221102-0933\jre\bin\jli.dll
0x00007ffb69940000 - 0x00007ffb69ae1000 	C:\WINDOWS\System32\USER32.dll
0x00007ffb607b0000 - 0x00007ffb607c9000 	C:\Users\Rahul Patil\.p2\pool\plugins\org.eclipse.justj.openjdk.hotspot.jre.full.win32.x86_64_17.0.5.v20221102-0933\jre\bin\VCRUNTIME140.dll
0x00007ffb67d10000 - 0x00007ffb67d32000 	C:\WINDOWS\System32\win32u.dll
0x00007ffb69af0000 - 0x00007ffb69b1b000 	C:\WINDOWS\System32\GDI32.dll
0x00007ffb500a0000 - 0x00007ffb5033a000 	C:\WINDOWS\WinSxS\amd64_microsoft.windows.common-controls_6595b64144ccf1df_6.0.19041.1110_none_60b5254171f9507e\COMCTL32.dll
0x00007ffb676a0000 - 0x00007ffb677af000 	C:\WINDOWS\System32\gdi32full.dll
0x00007ffb69430000 - 0x00007ffb694ce000 	C:\WINDOWS\System32\msvcrt.dll
0x00007ffb678d0000 - 0x00007ffb6796d000 	C:\WINDOWS\System32\msvcp_win.dll
0x00007ffb68f10000 - 0x00007ffb68f42000 	C:\WINDOWS\System32\IMM32.DLL
0x00007ffb61af0000 - 0x00007ffb61afc000 	C:\Users\Rahul Patil\.p2\pool\plugins\org.eclipse.justj.openjdk.hotspot.jre.full.win32.x86_64_17.0.5.v20221102-0933\jre\bin\vcruntime140_1.dll
0x00007ffb46e50000 - 0x00007ffb46ee1000 	C:\Users\Rahul Patil\.p2\pool\plugins\org.eclipse.justj.openjdk.hotspot.jre.full.win32.x86_64_17.0.5.v20221102-0933\jre\bin\msvcp140.dll
0x00007ffb0e9b0000 - 0x00007ffb0f5f4000 	C:\Users\Rahul Patil\.p2\pool\plugins\org.eclipse.justj.openjdk.hotspot.jre.full.win32.x86_64_17.0.5.v20221102-0933\jre\bin\server\jvm.dll
0x00007ffb69100000 - 0x00007ffb691ae000 	C:\WINDOWS\System32\ADVAPI32.dll
0x00007ffb69ec0000 - 0x00007ffb69f5c000 	C:\WINDOWS\System32\sechost.dll
0x00007ffb69290000 - 0x00007ffb693b5000 	C:\WINDOWS\System32\RPCRT4.dll
0x00007ffb4ffe0000 - 0x00007ffb50007000 	C:\WINDOWS\SYSTEM32\WINMM.dll
0x00007ffb632a0000 - 0x00007ffb632a9000 	C:\WINDOWS\SYSTEM32\WSOCK32.dll
0x00007ffb69cb0000 - 0x00007ffb69d1b000 	C:\WINDOWS\System32\WS2_32.dll
0x00007ffb5fb80000 - 0x00007ffb5fb8a000 	C:\WINDOWS\SYSTEM32\VERSION.dll
0x00007ffb65560000 - 0x00007ffb65572000 	C:\WINDOWS\SYSTEM32\kernel.appcore.dll
0x00007ffb57c40000 - 0x00007ffb57c4a000 	C:\Users\Rahul Patil\.p2\pool\plugins\org.eclipse.justj.openjdk.hotspot.jre.full.win32.x86_64_17.0.5.v20221102-0933\jre\bin\jimage.dll
0x00007ffb5ffe0000 - 0x00007ffb601c4000 	C:\WINDOWS\SYSTEM32\DBGHELP.DLL
0x00007ffb5fc80000 - 0x00007ffb5fcb5000 	C:\WINDOWS\SYSTEM32\dbgcore.DLL
0x00007ffb67c50000 - 0x00007ffb67cd2000 	C:\WINDOWS\System32\bcryptPrimitives.dll
0x00007ffb40bc0000 - 0x00007ffb40be5000 	C:\Users\Rahul Patil\.p2\pool\plugins\org.eclipse.justj.openjdk.hotspot.jre.full.win32.x86_64_17.0.5.v20221102-0933\jre\bin\java.dll
0x00007ffb363f0000 - 0x00007ffb36408000 	C:\Users\Rahul Patil\.p2\pool\plugins\org.eclipse.justj.openjdk.hotspot.jre.full.win32.x86_64_17.0.5.v20221102-0933\jre\bin\zip.dll
0x00007ffb683d0000 - 0x00007ffb68b14000 	C:\WINDOWS\System32\SHELL32.dll
0x00007ffb65760000 - 0x00007ffb65ef2000 	C:\WINDOWS\SYSTEM32\windows.storage.dll
0x00007ffb68bb0000 - 0x00007ffb68f05000 	C:\WINDOWS\System32\combase.dll
0x00007ffb67020000 - 0x00007ffb67050000 	C:\WINDOWS\SYSTEM32\Wldp.dll
0x00007ffb69d20000 - 0x00007ffb69dcd000 	C:\WINDOWS\System32\SHCORE.dll
0x00007ffb68350000 - 0x00007ffb683a5000 	C:\WINDOWS\System32\shlwapi.dll
0x00007ffb675e0000 - 0x00007ffb675ff000 	C:\WINDOWS\SYSTEM32\profapi.dll
0x00007ffb471a0000 - 0x00007ffb4732e000 	C:\Users\Rahul Patil\.p2\pool\plugins\org.eclipse.justj.openjdk.hotspot.jre.full.win32.x86_64_17.0.5.v20221102-0933\jre\bin\awt.dll
0x00007ffb68160000 - 0x00007ffb6822d000 	C:\WINDOWS\System32\OLEAUT32.dll
0x00007ffb64ea0000 - 0x00007ffb64f31000 	C:\WINDOWS\SYSTEM32\apphelp.dll

dbghelp: loaded successfully - version: 4.0.5 - missing functions: none
symbol engine: initialized successfully - sym options: 0x614 - pdb path: .;C:\Users\Rahul Patil\.p2\pool\plugins\org.eclipse.justj.openjdk.hotspot.jre.full.win32.x86_64_17.0.5.v20221102-0933\jre\bin;C:\WINDOWS\SYSTEM32;C:\WINDOWS\WinSxS\amd64_microsoft.windows.common-controls_6595b64144ccf1df_6.0.19041.1110_none_60b5254171f9507e;C:\Users\Rahul Patil\.p2\pool\plugins\org.eclipse.justj.openjdk.hotspot.jre.full.win32.x86_64_17.0.5.v20221102-0933\jre\bin\server

VM Arguments:
jvm_args: -Dfile.encoding=UTF-8 -XX:+ShowCodeDetailsInExceptionMessages 
java_command: NotepadProject.CustmDialogBox
java_class_path (initial): C:\Users\Rahul Patil\eclipse-workspace\NotePad_Project\bin
Launcher Type: SUN_STANDARD

[Global flags]
     intx CICompilerCount                          = 3                                         {product} {ergonomic}
     uint ConcGCThreads                            = 1                                         {product} {ergonomic}
     uint G1ConcRefinementThreads                  = 4                                         {product} {ergonomic}
   size_t G1HeapRegionSize                         = 1048576                                   {product} {ergonomic}
    uintx GCDrainStackTargetSize                   = 64                                        {product} {ergonomic}
   size_t InitialHeapSize                          = 67108864                                  {product} {ergonomic}
   size_t MarkStackSize                            = 4194304                                   {product} {ergonomic}
   size_t MaxHeapSize                              = 1042284544                                {product} {ergonomic}
   size_t MaxNewSize                               = 624951296                                 {product} {ergonomic}
   size_t MinHeapDeltaBytes                        = 1048576                                   {product} {ergonomic}
   size_t MinHeapSize                              = 8388608                                   {product} {ergonomic}
    uintx NonNMethodCodeHeapSize                   = 5832780                                {pd product} {ergonomic}
    uintx NonProfiledCodeHeapSize                  = 122912730                              {pd product} {ergonomic}
    uintx ProfiledCodeHeapSize                     = 122912730                              {pd product} {ergonomic}
    uintx ReservedCodeCacheSize                    = 251658240                              {pd product} {ergonomic}
     bool SegmentedCodeCache                       = true                                      {product} {ergonomic}
     bool ShowCodeDetailsInExceptionMessages       = true                                   {manageable} {command line}
   size_t SoftMaxHeapSize                          = 1042284544                             {manageable} {ergonomic}
     bool UseCompressedClassPointers               = true                           {product lp64_product} {ergonomic}
     bool UseCompressedOops                        = true                           {product lp64_product} {ergonomic}
     bool UseG1GC                                  = true                                      {product} {ergonomic}
     bool UseLargePagesIndividualAllocation        = false                                  {pd product} {ergonomic}

Logging:
Log output configuration:
 #0: stdout all=warning uptime,level,tags
 #1: stderr all=off uptime,level,tags

Environment Variables:
JAVA_HOME=C:\Program Files\Java\jdk1.8.0_351
PATH=C:/Users/Rahul Patil/.p2/pool/plugins/org.eclipse.justj.openjdk.hotspot.jre.full.win32.x86_64_17.0.5.v20221102-0933/jre/bin/server;C:/Users/Rahul Patil/.p2/pool/plugins/org.eclipse.justj.openjdk.hotspot.jre.full.win32.x86_64_17.0.5.v20221102-0933/jre/bin;C:\Program Files (x86)\Common Files\Oracle\Java\javapath;C:\WINDOWS\system32;C:\WINDOWS;C:\WINDOWS\System32\Wbem;C:\WINDOWS\System32\WindowsPowerShell\v1.0\;C:\WINDOWS\System32\OpenSSH\;C:\Program Files\Git\cmd;C:\Program Files\MySQL\MySQL Server 5.5\bin;C:\Program Files\MySQL\MySQL Server 8.0\bin;C:\MinGW\mingw32\bin;C:\Program Files\Java\jdk1.8.0_351\bin;C:\Program Files\MySQL\MySQL Shell 8.0\bin\;C:\Users\Rahul Patil\AppData\Local\Microsoft\WindowsApps;C:\Users\Rahul Patil\AppData\Local\GitHubDesktop\bin;C:\Users\Rahul Patil\AppData\Local\Programs\Microsoft VS Code\bin;C:\Users\Rahul Patil\Desktop;
USERNAME=Rahul Patil
OS=Windows_NT
PROCESSOR_IDENTIFIER=Intel64 Family 6 Model 78 Stepping 3, GenuineIntel
TMP=C:\Users\RAHULP~1\AppData\Local\Temp
TEMP=C:\Users\RAHULP~1\AppData\Local\Temp



---------------  S Y S T E M  ---------------

OS:
 Windows 10 , 64 bit Build 19041 (10.0.19041.2364)
OS uptime: 6 days 4:12 hours

CPU: total 4 (initial active 4) (2 cores per cpu, 2 threads per core) family 6 model 78 stepping 3 microcode 0xcc, cx8, cmov, fxsr, ht, mmx, 3dnowpref, sse, sse2, sse3, ssse3, sse4.1, sse4.2, popcnt, lzcnt, tsc, tscinvbit, avx, avx2, aes, erms, clmul, bmi1, bmi2, adx, fma, vzeroupper, clflush, clflushopt

Memory: 4k page, system-wide physical 3970M (452M free)
TotalPageFile size 16258M (AvailPageFile size 2M)
current process WorkingSet (physical memory assigned to process): 37M, peak: 37M
current process commit charge ("private bytes"): 133M, peak: 133M

vm_info: OpenJDK 64-Bit Server VM (17.0.5+8) for windows-amd64 JRE (17.0.5+8), built on Oct 19 2022 04:48:13 by "temurin" with MS VC++ 16.7 (VS2019)

END.
